2018-03-14 1:14:46 - PHP Warning:  fopen(C:/xampp/htdocs/quantri/catalog/view/theme//stylesheet/bootstrap.css): failed to open stream: No such file or directory in C:\xampp\htdocs\quantri\catalog\controller\startup\sass.php on line 14
2018-03-14 1:14:46 - PHP Warning:  flock() expects parameter 1 to be resource, boolean given in C:\xampp\htdocs\quantri\catalog\controller\startup\sass.php on line 16
2018-03-14 1:14:46 - PHP Warning:  fwrite() expects parameter 1 to be resource, boolean given in C:\xampp\htdocs\quantri\catalog\controller\startup\sass.php on line 18
2018-03-14 1:14:46 - PHP Warning:  fflush() expects parameter 1 to be resource, boolean given in C:\xampp\htdocs\quantri\catalog\controller\startup\sass.php on line 20
2018-03-14 1:14:46 - PHP Warning:  flock() expects parameter 1 to be resource, boolean given in C:\xampp\htdocs\quantri\catalog\controller\startup\sass.php on line 22
2018-03-14 1:14:46 - PHP Warning:  fclose() expects parameter 1 to be resource, boolean given in C:\xampp\htdocs\quantri\catalog\controller\startup\sass.php on line 24
2018-03-15 0:45:58 - PHP Warning:  fopen(C:/xampp/htdocs/quantri/catalog/view/theme//stylesheet/bootstrap.css): failed to open stream: No such file or directory in C:\xampp\htdocs\quantri\catalog\controller\startup\sass.php on line 14
2018-03-15 0:45:58 - PHP Warning:  flock() expects parameter 1 to be resource, boolean given in C:\xampp\htdocs\quantri\catalog\controller\startup\sass.php on line 16
2018-03-15 0:45:58 - PHP Warning:  fwrite() expects parameter 1 to be resource, boolean given in C:\xampp\htdocs\quantri\catalog\controller\startup\sass.php on line 18
2018-03-15 0:45:58 - PHP Warning:  fflush() expects parameter 1 to be resource, boolean given in C:\xampp\htdocs\quantri\catalog\controller\startup\sass.php on line 20
2018-03-15 0:45:58 - PHP Warning:  flock() expects parameter 1 to be resource, boolean given in C:\xampp\htdocs\quantri\catalog\controller\startup\sass.php on line 22
2018-03-15 0:45:58 - PHP Warning:  fclose() expects parameter 1 to be resource, boolean given in C:\xampp\htdocs\quantri\catalog\controller\startup\sass.php on line 24
2018-03-15 0:52:15 - PHP Notice:  Use of undefined constant HTTP_CATALOG - assumed 'HTTP_CATALOG' in C:\xampp\htdocs\quantri\admin\model\tool\image.php on line 44
2018-03-15 0:52:15 - PHP Notice:  Use of undefined constant HTTP_CATALOG - assumed 'HTTP_CATALOG' in C:\xampp\htdocs\quantri\admin\controller\common\header.php on line 64
2018-03-15 0:52:18 - PHP Warning:  A non-numeric value encountered in C:\xampp\htdocs\quantri\admin\model\localisation\currency.php on line 141
2018-03-15 0:52:18 - PHP Warning:  Division by zero in C:\xampp\htdocs\quantri\admin\model\localisation\currency.php on line 141
2018-03-15 0:52:18 - PHP Warning:  A non-numeric value encountered in C:\xampp\htdocs\quantri\admin\model\localisation\currency.php on line 141
2018-03-15 0:52:18 - PHP Warning:  Division by zero in C:\xampp\htdocs\quantri\admin\model\localisation\currency.php on line 141
2018-03-15 0:52:18 - PHP Warning:  A non-numeric value encountered in C:\xampp\htdocs\quantri\admin\model\localisation\currency.php on line 141
2018-03-15 0:52:18 - PHP Warning:  Division by zero in C:\xampp\htdocs\quantri\admin\model\localisation\currency.php on line 141
2018-03-15 0:52:18 - PHP Warning:  A non-numeric value encountered in C:\xampp\htdocs\quantri\admin\model\localisation\currency.php on line 141
2018-03-15 0:52:18 - PHP Warning:  Division by zero in C:\xampp\htdocs\quantri\admin\model\localisation\currency.php on line 141
2018-03-15 0:52:18 - PHP Warning:  A non-numeric value encountered in C:\xampp\htdocs\quantri\admin\model\localisation\currency.php on line 141
2018-03-15 0:52:18 - PHP Warning:  Division by zero in C:\xampp\htdocs\quantri\admin\model\localisation\currency.php on line 141
2018-03-15 0:52:18 - PHP Warning:  A non-numeric value encountered in C:\xampp\htdocs\quantri\admin\model\localisation\currency.php on line 141
2018-03-15 0:52:18 - PHP Warning:  Division by zero in C:\xampp\htdocs\quantri\admin\model\localisation\currency.php on line 141
2018-03-15 0:52:18 - PHP Warning:  A non-numeric value encountered in C:\xampp\htdocs\quantri\admin\model\localisation\currency.php on line 141
2018-03-15 0:52:18 - PHP Warning:  Division by zero in C:\xampp\htdocs\quantri\admin\model\localisation\currency.php on line 141
2018-03-15 0:52:18 - PHP Warning:  A non-numeric value encountered in C:\xampp\htdocs\quantri\admin\model\localisation\currency.php on line 141
2018-03-15 0:52:18 - PHP Warning:  Division by zero in C:\xampp\htdocs\quantri\admin\model\localisation\currency.php on line 141
2018-03-15 0:52:18 - PHP Warning:  A non-numeric value encountered in C:\xampp\htdocs\quantri\admin\model\localisation\currency.php on line 141
2018-03-15 0:52:18 - PHP Warning:  Division by zero in C:\xampp\htdocs\quantri\admin\model\localisation\currency.php on line 141
2018-03-15 0:52:18 - PHP Warning:  A non-numeric value encountered in C:\xampp\htdocs\quantri\admin\model\localisation\currency.php on line 141
2018-03-15 0:52:18 - PHP Warning:  Division by zero in C:\xampp\htdocs\quantri\admin\model\localisation\currency.php on line 141
